shadow/shadow-init/build/intermediates/manifest_merge_blame_file/debug/manifest-merger-blame-debug-report.txt
1<?xml version="1.0" encoding="utf-8"?>
2<manifest xmlns:android="http://schemas.android.com/apk/res/android"
3    xmlns:tools="http://schemas.android.com/tools"
4    package="com.hl.shadow"
5    android:versionCode="1"
6    android:versionName="1.0" >
7
8    <uses-sdk
9        android:minSdkVersion="16"
9-->src\main\AndroidManifest.xml
10        android:targetSdkVersion="30" />
10-->src\main\AndroidManifest.xml
11
12    <application
12-->src\main\AndroidManifest.xml:6:5-98:19
13        android:allowBackup="true"
13-->src\main\AndroidManifest.xml:7:9-35
14        android:allowClearUserData="true"
14-->src\main\AndroidManifest.xml:8:9-42
15        android:largeHeap="true"
15-->src\main\AndroidManifest.xml:9:9-33
16        android:supportsRtl="true" >
16-->src\main\AndroidManifest.xml:10:9-35
17
18        <!--
19          dynamic activity 注册
20          注意 configChanges 需要全注册
21          theme需要注册成透明
22        -->
23
24        <activity
24-->src\main\AndroidManifest.xml:18:9-25:41
25            android:name="com.tencent.shadow.sample.runtime.PluginDefaultProxyActivity"
25-->src\main\AndroidManifest.xml:19:13-88
26            android:configChanges="mcc|mnc|locale|touchscreen|keyboard|keyboardHidden|navigation|screenLayout|fontScale|uiMode|orientation|screenSize|smallestScreenSize|layoutDirection"
26-->src\main\AndroidManifest.xml:22:13-186
27            android:hardwareAccelerated="true"
27-->src\main\AndroidManifest.xml:23:13-47
28            android:launchMode="standard"
28-->src\main\AndroidManifest.xml:20:13-42
29            android:process=":plugin"
29-->src\main\AndroidManifest.xml:25:13-38
30            android:screenOrientation="portrait"
30-->src\main\AndroidManifest.xml:21:13-49
31            android:theme="@style/PluginContainerActivity" />
31-->src\main\AndroidManifest.xml:24:13-59
32        <activity
32-->src\main\AndroidManifest.xml:27:9-34:41
33            android:name="com.tencent.shadow.sample.runtime.PluginSingleInstance1ProxyActivity"
33-->src\main\AndroidManifest.xml:28:13-96
34            android:configChanges="mcc|mnc|locale|touchscreen|keyboard|keyboardHidden|navigation|screenLayout|fontScale|uiMode|orientation|screenSize|smallestScreenSize|layoutDirection"
34-->src\main\AndroidManifest.xml:31:13-186
35            android:hardwareAccelerated="true"
35-->src\main\AndroidManifest.xml:32:13-47
36            android:launchMode="singleInstance"
36-->src\main\AndroidManifest.xml:29:13-48
37            android:process=":plugin"
37-->src\main\AndroidManifest.xml:34:13-38
38            android:screenOrientation="portrait"
38-->src\main\AndroidManifest.xml:30:13-49
39            android:theme="@style/PluginContainerActivity" />
39-->src\main\AndroidManifest.xml:33:13-59
40        <activity
40-->src\main\AndroidManifest.xml:36:9-43:41
41            android:name="com.tencent.shadow.sample.runtime.PluginSingleTask1ProxyActivity"
41-->src\main\AndroidManifest.xml:37:13-92
42            android:configChanges="mcc|mnc|locale|touchscreen|keyboard|keyboardHidden|navigation|screenLayout|fontScale|uiMode|orientation|screenSize|smallestScreenSize|layoutDirection"
42-->src\main\AndroidManifest.xml:40:13-186
43            android:hardwareAccelerated="true"
43-->src\main\AndroidManifest.xml:41:13-47
44            android:launchMode="singleTask"
44-->src\main\AndroidManifest.xml:38:13-44
45            android:process=":plugin"
45-->src\main\AndroidManifest.xml:43:13-38
46            android:screenOrientation="portrait"
46-->src\main\AndroidManifest.xml:39:13-49
47            android:theme="@style/PluginContainerActivity" />
47-->src\main\AndroidManifest.xml:42:13-59
48        <activity
48-->src\main\AndroidManifest.xml:45:9-54:15
49            android:name="com.hl.shadow.runtime.PluginDefaultProxyActivity"
49-->src\main\AndroidManifest.xml:46:13-63
50            android:configChanges="mcc|mnc|locale|touchscreen|keyboard|keyboardHidden|navigation|screenLayout|fontScale|uiMode|orientation|screenSize|smallestScreenSize|layoutDirection"
50-->src\main\AndroidManifest.xml:49:13-186
51            android:hardwareAccelerated="true"
51-->src\main\AndroidManifest.xml:50:13-47
52            android:launchMode="standard"
52-->src\main\AndroidManifest.xml:47:13-42
53            android:multiprocess="true"
53-->src\main\AndroidManifest.xml:52:13-40
54            android:process=":plugin"
54-->src\main\AndroidManifest.xml:53:13-38
55            android:screenOrientation="portrait"
55-->src\main\AndroidManifest.xml:48:13-49
56            android:theme="@style/PluginContainerActivity" />
56-->src\main\AndroidManifest.xml:51:13-59
57        <activity
57-->src\main\AndroidManifest.xml:56:9-65:15
58            android:name="com.hl.shadow.runtime.PluginSingleInstance1ProxyActivity"
58-->src\main\AndroidManifest.xml:57:13-71
59            android:configChanges="mcc|mnc|locale|touchscreen|keyboard|keyboardHidden|navigation|screenLayout|fontScale|uiMode|orientation|screenSize|smallestScreenSize|layoutDirection"
59-->src\main\AndroidManifest.xml:60:13-186
60            android:hardwareAccelerated="true"
60-->src\main\AndroidManifest.xml:61:13-47
61            android:launchMode="singleInstance"
61-->src\main\AndroidManifest.xml:58:13-48
62            android:multiprocess="true"
62-->src\main\AndroidManifest.xml:63:13-40
63            android:process=":plugin"
63-->src\main\AndroidManifest.xml:64:13-38
64            android:screenOrientation="portrait"
64-->src\main\AndroidManifest.xml:59:13-49
65            android:theme="@style/PluginContainerActivity" />
65-->src\main\AndroidManifest.xml:62:13-59
66        <activity
66-->src\main\AndroidManifest.xml:67:9-76:15
67            android:name="com.hl.shadow.runtime.PluginSingleTask1ProxyActivity"
67-->src\main\AndroidManifest.xml:68:13-67
68            android:configChanges="mcc|mnc|locale|touchscreen|keyboard|keyboardHidden|navigation|screenLayout|fontScale|uiMode|orientation|screenSize|smallestScreenSize|layoutDirection"
68-->src\main\AndroidManifest.xml:71:13-186
69            android:hardwareAccelerated="true"
69-->src\main\AndroidManifest.xml:72:13-47
70            android:launchMode="singleTask"
70-->src\main\AndroidManifest.xml:69:13-44
71            android:multiprocess="true"
71-->src\main\AndroidManifest.xml:74:13-40
72            android:process=":plugin"
72-->src\main\AndroidManifest.xml:75:13-38
73            android:screenOrientation="portrait"
73-->src\main\AndroidManifest.xml:70:13-49
74            android:theme="@style/PluginContainerActivity" />
74-->src\main\AndroidManifest.xml:73:13-59
75        <activity
75-->src\main\AndroidManifest.xml:78:9-87:15
76            android:name="com.hl.my_runtime.PluginDefaultProxyActivity"
76-->src\main\AndroidManifest.xml:79:13-72
77            android:configChanges="mcc|mnc|locale|touchscreen|keyboard|keyboardHidden|navigation|screenLayout|fontScale|uiMode|orientation|screenSize|smallestScreenSize|layoutDirection"
77-->src\main\AndroidManifest.xml:82:13-186
78            android:hardwareAccelerated="true"
78-->src\main\AndroidManifest.xml:83:13-47
79            android:launchMode="standard"
79-->src\main\AndroidManifest.xml:80:13-42
80            android:multiprocess="true"
80-->src\main\AndroidManifest.xml:85:13-40
81            android:process=":plugin"
81-->src\main\AndroidManifest.xml:86:13-38
82            android:screenOrientation="portrait"
82-->src\main\AndroidManifest.xml:81:13-49
83            android:theme="@style/PluginContainerActivity" />
83-->src\main\AndroidManifest.xml:84:13-59
84        <!-- dynamic activity注册 end -->
85
86        <provider
86-->src\main\AndroidManifest.xml:90:9-93:41
87            android:name="com.tencent.shadow.core.runtime.container.PluginContainerContentProvider"
87-->src\main\AndroidManifest.xml:91:13-100
88            android:authorities="com.tencent.shadow.contentprovider.authority.dynamic2"
88-->src\main\AndroidManifest.xml:92:13-88
89            android:process=":plugin" />
89-->src\main\AndroidManifest.xml:93:13-38
90
91        <service
91-->src\main\AndroidManifest.xml:95:9-97:41
92            android:name="com.hl.shadow.MainPluginProcessService"
92-->src\main\AndroidManifest.xml:96:13-53
93            android:process=":plugin" />
93-->src\main\AndroidManifest.xml:97:13-38
94    </application>
95
96</manifest>